vagapcd/android/app/build/intermediates/manifest_merge_blame_file/debug/manifest-merger-blame-debug-report.txt
1<?xml version="1.0" encoding="utf-8"?>
2<manifest xmlns:android="http://schemas.android.com/apk/res/android"
3    package="com.vagapcd"
4    android:versionCode="1"
5    android:versionName="1.0" >
6
7    <uses-sdk
8        android:minSdkVersion="16"
9        android:targetSdkVersion="28" />
10
11    <uses-permission android:name="android.permission.SYSTEM_ALERT_WINDOW" />
11-->src/debug/AndroidManifest.xml:5:5-77
11-->src/debug/AndroidManifest.xml:5:22-75
12    <uses-permission android:name="android.permission.INTERNET" />
12-->src/main/AndroidManifest.xml:4:5-67
12-->src/main/AndroidManifest.xml:4:22-64
13    <uses-permission android:name="android.permission.ACCESS_WIFI_STATE" />
13-->[com.facebook.flipper:flipper:0.33.1] AndroidManifest.xml:16:5-76
13-->[com.facebook.flipper:flipper:0.33.1] AndroidManifest.xml:16:22-73
14    <uses-permission android:name="android.permission.ACCESS_FINE_LOCATION" />
14-->[:react-native-mapbox-gl_maps] AndroidManifest.xml:12:5-79
14-->[:react-native-mapbox-gl_maps] AndroidManifest.xml:12:22-76
15
16    <uses-feature
16-->[com.mapbox.mapboxsdk:mapbox-android-sdk:9.0.0] AndroidManifest.xml:9:5-11:35
17        android:glEsVersion="0x00020000"
17-->[com.mapbox.mapboxsdk:mapbox-android-sdk:9.0.0] AndroidManifest.xml:10:9-41
18        android:required="true" />
18-->[com.mapbox.mapboxsdk:mapbox-android-sdk:9.0.0] AndroidManifest.xml:11:9-32
19    <uses-feature
19-->[com.mapbox.mapboxsdk:mapbox-android-sdk:9.0.0] AndroidManifest.xml:12:5-14:36
20        android:name="android.hardware.wifi"
20-->[com.mapbox.mapboxsdk:mapbox-android-sdk:9.0.0] AndroidManifest.xml:13:9-45
21        android:required="false" />
21-->[com.mapbox.mapboxsdk:mapbox-android-sdk:9.0.0] AndroidManifest.xml:14:9-33
22
23    <uses-permission android:name="android.permission.ACCESS_NETWORK_STATE" /> <!-- Required for CrashReporterJobIntentService on API levels below 25 -->
23-->[com.mapbox.mapboxsdk:mapbox-android-sdk:9.0.0] AndroidManifest.xml:17:5-79
23-->[com.mapbox.mapboxsdk:mapbox-android-sdk:9.0.0] AndroidManifest.xml:17:22-76
24    <uses-permission android:name="android.permission.WAKE_LOCK" />
24-->[com.mapbox.mapboxsdk:mapbox-android-telemetry:4.7.1] AndroidManifest.xml:12:5-68
24-->[com.mapbox.mapboxsdk:mapbox-android-telemetry:4.7.1] AndroidManifest.xml:12:22-65
25
26    <application
26-->src/main/AndroidManifest.xml:6:5-25:19
27        android:name="com.vagapcd.MainApplication"
27-->src/main/AndroidManifest.xml:7:7-38
28        android:allowBackup="false"
28-->src/main/AndroidManifest.xml:11:7-34
29        android:appComponentFactory="androidx.core.app.CoreComponentFactory"
29-->[androidx.core:core:1.1.0] AndroidManifest.xml:24:18-86
30        android:debuggable="true"
31        android:icon="@mipmap/ic_launcher"
31-->src/main/AndroidManifest.xml:9:7-41
32        android:label="@string/app_name"
32-->src/main/AndroidManifest.xml:8:7-39
33        android:roundIcon="@mipmap/ic_launcher_round"
33-->src/main/AndroidManifest.xml:10:7-52
34        android:theme="@style/AppTheme"
34-->src/main/AndroidManifest.xml:12:7-38
35        android:usesCleartextTraffic="true" >
35-->src/debug/AndroidManifest.xml:7:18-53
36        <activity
36-->src/main/AndroidManifest.xml:13:7-23:18
37            android:name="com.vagapcd.MainActivity"
37-->src/main/AndroidManifest.xml:14:9-37
38            android:configChanges="keyboard|keyboardHidden|orientation|screenSize|uiMode"
38-->src/main/AndroidManifest.xml:16:9-86
39            android:label="@string/app_name"
39-->src/main/AndroidManifest.xml:15:9-41
40            android:launchMode="singleTask"
40-->src/main/AndroidManifest.xml:17:9-40
41            android:windowSoftInputMode="adjustResize" >
41-->src/main/AndroidManifest.xml:18:9-51
42            <intent-filter>
42-->src/main/AndroidManifest.xml:19:9-22:25
43                <action android:name="android.intent.action.MAIN" />
43-->src/main/AndroidManifest.xml:20:13-65
43-->src/main/AndroidManifest.xml:20:21-62
44
45                <category android:name="android.intent.category.LAUNCHER" />
45-->src/main/AndroidManifest.xml:21:13-73
45-->src/main/AndroidManifest.xml:21:23-70
46            </intent-filter>
47        </activity>
48        <activity android:name="com.facebook.react.devsupport.DevSettingsActivity" />
48-->src/main/AndroidManifest.xml:24:7-84
48-->src/main/AndroidManifest.xml:24:17-81
49
50        <provider
50-->[com.mapbox.mapboxsdk:mapbox-android-telemetry:4.7.1] AndroidManifest.xml:18:9-22:39
51            android:name="com.mapbox.android.telemetry.provider.MapboxTelemetryInitProvider"
51-->[com.mapbox.mapboxsdk:mapbox-android-telemetry:4.7.1] AndroidManifest.xml:19:13-93
52            android:authorities="com.vagapcd.mapboxtelemetryinitprovider"
52-->[com.mapbox.mapboxsdk:mapbox-android-telemetry:4.7.1] AndroidManifest.xml:20:13-79
53            android:exported="false"
53-->[com.mapbox.mapboxsdk:mapbox-android-telemetry:4.7.1] AndroidManifest.xml:21:13-37
54            android:initOrder="100" />
54-->[com.mapbox.mapboxsdk:mapbox-android-telemetry:4.7.1] AndroidManifest.xml:22:13-36
55
56        <service
56-->[com.mapbox.mapboxsdk:mapbox-android-telemetry:4.7.1] AndroidManifest.xml:24:9-26:72
57            android:name="com.mapbox.android.telemetry.crash.CrashReporterJobIntentService"
57-->[com.mapbox.mapboxsdk:mapbox-android-telemetry:4.7.1] AndroidManifest.xml:25:13-92
58            android:permission="android.permission.BIND_JOB_SERVICE" />
58-->[com.mapbox.mapboxsdk:mapbox-android-telemetry:4.7.1] AndroidManifest.xml:26:13-69
59    </application>
60
61</manifest>